commencing
dataset_perdrugs/amikacin_final.csv
dataset_perdrugs/amikacin_final.csvadded
dataset_perdrugs/Amoxicillin_final.csv
dataset_perdrugs/Amoxicillin_final.csvadded
dataset_perdrugs/Ampicillin_final.csv
dataset_perdrugs/Ampicillin_final.csvadded
dataset_perdrugs/Aztreonam_final.csv
dataset_perdrugs/Aztreonam_final.csvadded
dataset_perdrugs/cefalotin_final.csv
dataset_perdrugs/cefalotin_final.csvadded
dataset_perdrugs/Cefepime_final.csv
dataset_perdrugs/Cefepime_final.csvadded
dataset_perdrugs/Cefotaxime_final.csv
dataset_perdrugs/Cefotaxime_final.csvadded
dataset_perdrugs/Cefoxitin_final.csv
dataset_perdrugs/Cefoxitin_final.csvadded
dataset_perdrugs/Ceftazidime_final.csv
dataset_perdrugs/Ceftazidime_final.csvadded
dataset_perdrugs/ceftriaxone_final.csv
dataset_perdrugs/ceftriaxone_final.csvadded
dataset_perdrugs/Cefuroxime_final.csv
dataset_perdrugs/Cefuroxime_final.csvadded
dataset_perdrugs/Ciprofloxacin_final.csv
dataset_perdrugs/Ciprofloxacin_final.csvadded
dataset_perdrugs/ertapenem_final.csv
dataset_perdrugs/ertapenem_final.csvadded
dataset_perdrugs/Gentamicin_final.csv
dataset_perdrugs/Gentamicin_final.csvadded
dataset_perdrugs/imipenem_final.csv
dataset_perdrugs/imipenem_final.csvadded
dataset_perdrugs/meropenem_final.csv
dataset_perdrugs/meropenem_final.csvadded
dataset_perdrugs/tetracycline_final.csv
dataset_perdrugs/tetracycline_final.csvadded
RF.py:71: DataConversionWarning: A column-vector y was passed when a 1d array was expected. Please change the shape of y to (n_samples,), for example using ravel().
  classifier.fit(X_train, y_train)
RF.py:71: DataConversionWarning: A column-vector y was passed when a 1d array was expected. Please change the shape of y to (n_samples,), for example using ravel().
  classifier.fit(X_train, y_train)
RF.py:71: DataConversionWarning: A column-vector y was passed when a 1d array was expected. Please change the shape of y to (n_samples,), for example using ravel().
  classifier.fit(X_train, y_train)
RF.py:71: DataConversionWarning: A column-vector y was passed when a 1d array was expected. Please change the shape of y to (n_samples,), for example using ravel().
  classifier.fit(X_train, y_train)
RF.py:71: DataConversionWarning: A column-vector y was passed when a 1d array was expected. Please change the shape of y to (n_samples,), for example using ravel().
  classifier.fit(X_train, y_train)
RF.py:71: DataConversionWarning: A column-vector y was passed when a 1d array was expected. Please change the shape of y to (n_samples,), for example using ravel().
  classifier.fit(X_train, y_train)
RF.py:71: DataConversionWarning: A column-vector y was passed when a 1d array was expected. Please change the shape of y to (n_samples,), for example using ravel().
  classifier.fit(X_train, y_train)
RF.py:71: DataConversionWarning: A column-vector y was passed when a 1d array was expected. Please change the shape of y to (n_samples,), for example using ravel().
  classifier.fit(X_train, y_train)
RF.py:71: DataConversionWarning: A column-vector y was passed when a 1d array was expected. Please change the shape of y to (n_samples,), for example using ravel().
  classifier.fit(X_train, y_train)
RF.py:71: DataConversionWarning: A column-vector y was passed when a 1d array was expected. Please change the shape of y to (n_samples,), for example using ravel().
  classifier.fit(X_train, y_train)
RF.py:71: DataConversionWarning: A column-vector y was passed when a 1d array was expected. Please change the shape of y to (n_samples,), for example using ravel().
  classifier.fit(X_train, y_train)
RF.py:71: DataConversionWarning: A column-vector y was passed when a 1d array was expected. Please change the shape of y to (n_samples,), for example using ravel().
  classifier.fit(X_train, y_train)
RF.py:71: DataConversionWarning: A column-vector y was passed when a 1d array was expected. Please change the shape of y to (n_samples,), for example using ravel().
  classifier.fit(X_train, y_train)
RF.py:71: DataConversionWarning: A column-vector y was passed when a 1d array was expected. Please change the shape of y to (n_samples,), for example using ravel().
  classifier.fit(X_train, y_train)
RF.py:71: DataConversionWarning: A column-vector y was passed when a 1d array was expected. Please change the shape of y to (n_samples,), for example using ravel().
  classifier.fit(X_train, y_train)
RF.py:71: DataConversionWarning: A column-vector y was passed when a 1d array was expected. Please change the shape of y to (n_samples,), for example using ravel().
  classifier.fit(X_train, y_train)
RF.py:71: DataConversionWarning: A column-vector y was passed when a 1d array was expected. Please change the shape of y to (n_samples,), for example using ravel().
  classifier.fit(X_train, y_train)
